
=== Mon May 19 20:09:15 2025

Packages were changed.
Update Mode: mergeDefaultDependencies

The following packages were added:
  com.unity.modules.ai@1.0.0
  com.unity.modules.androidjni@1.0.0
  com.unity.modules.animation@1.0.0
  com.unity.modules.assetbundle@1.0.0
  com.unity.modules.audio@1.0.0
  com.unity.modules.cloth@1.0.0
  com.unity.modules.director@1.0.0
  com.unity.modules.imageconversion@1.0.0
  com.unity.modules.imgui@1.0.0
  com.unity.modules.jsonserialize@1.0.0
  com.unity.modules.particlesystem@1.0.0
  com.unity.modules.physics@1.0.0
  com.unity.modules.physics2d@1.0.0
  com.unity.modules.screencapture@1.0.0
  com.unity.modules.terrain@1.0.0
  com.unity.modules.terrainphysics@1.0.0
  com.unity.modules.tilemap@1.0.0
  com.unity.modules.ui@1.0.0
  com.unity.modules.uielements@1.0.0
  com.unity.modules.umbra@1.0.0
  com.unity.modules.unityanalytics@1.0.0
  com.unity.modules.unitywebrequest@1.0.0
  com.unity.modules.unitywebrequestassetbundle@1.0.0
  com.unity.modules.unitywebrequestaudio@1.0.0
  com.unity.modules.unitywebrequesttexture@1.0.0
  com.unity.modules.unitywebrequestwww@1.0.0
  com.unity.modules.vehicles@1.0.0
  com.unity.modules.video@1.0.0
  com.unity.modules.vr@1.0.0
  com.unity.modules.wind@1.0.0
  com.unity.modules.xr@1.0.0
The following packages were updated:
  com.unity.collab-proxy from version 1.13.5 to 2.7.1
  com.unity.textmeshpro from version 3.0.6 to 3.0.7
  com.unity.timeline from version 1.6.2 to 1.7.7
  com.unity.visualscripting from version 1.7.6 to 1.9.4

=== Mon May 19 20:12:26 2025

Packages were changed.
Update Mode: updateDependencies

The following packages were added:
  com.unity.2d.sprite@1.0.0
  com.unity.2d.tilemap@1.0.0
  com.unity.ads@4.4.2
  com.unity.analytics@3.8.1
  com.unity.ide.rider@3.0.36
  com.unity.ide.visualstudio@2.0.22
  com.unity.ide.vscode@1.2.5
  com.unity.purchasing@4.11.0
  com.unity.test-framework@1.1.33
  com.unity.xr.legacyinputhelpers@2.1.12
  com.unity.ai.navigation@1.1.6

=== Mon May 19 20:32:41 2025

Packages were changed.
Update Mode: updateDependencies

The following packages were updated:
  com.unity.cinemachine from version 2.10.1 to 2.10.3
  com.unity.inputsystem from version 1.11.0 to 1.14.0
  com.unity.render-pipelines.core from version 14.0.7 to 14.0.12
  com.unity.render-pipelines.universal from version 14.0.7 to 14.0.12

=== Mon May 19 20:32:41 2025

Packages were changed.
Update Mode: mergeDefaultDependencies

The following packages were added:
  com.unity.cinemachine@2.10.3
  com.unity.inputsystem@1.14.0
  com.unity.render-pipelines.core@14.0.12
  com.unity.render-pipelines.universal@14.0.12

=== Mon May 19 20:34:45 2025

Packages were changed.
Update Mode: resetToDefaultDependencies

The following packages were removed:
  com.unity.2d.sprite@1.0.0
  com.unity.2d.tilemap@1.0.0
  com.unity.ads@4.4.2
  com.unity.ai.navigation@1.1.6
  com.unity.analytics@3.8.1
  com.unity.cinemachine@2.10.3
  com.unity.collab-proxy@2.7.1
  com.unity.feature.development@1.0.1
  com.unity.ide.rider@3.0.36
  com.unity.ide.visualstudio@2.0.22
  com.unity.ide.vscode@1.2.5
  com.unity.inputsystem@1.14.0
  com.unity.purchasing@4.11.0
  com.unity.render-pipelines.core@14.0.12
  com.unity.render-pipelines.universal@14.0.12
  com.unity.test-framework@1.1.33
  com.unity.textmeshpro@3.0.7
  com.unity.timeline@1.7.7
  com.unity.ugui@1.0.0
  com.unity.visualscripting@1.9.4
  com.unity.xr.legacyinputhelpers@2.1.12

=== Mon May 19 20:43:41 2025

Packages were changed.
Update Mode: updateDependencies

The following packages were updated:
  com.unity.cinemachine from version 2.10.1 to 2.10.3
  com.unity.inputsystem from version 1.11.0 to 1.14.0
  com.unity.render-pipelines.core from version 14.0.7 to 14.0.12
  com.unity.render-pipelines.universal from version 14.0.7 to 14.0.12

=== Mon May 19 20:43:41 2025

Packages were changed.
Update Mode: mergeDefaultDependencies

The following packages were added:
  com.unity.cinemachine@2.10.3
  com.unity.inputsystem@1.14.0
  com.unity.render-pipelines.core@14.0.12

=== Mon May 19 20:49:15 2025

Packages were changed.
Update Mode: resetToDefaultDependencies

The following packages were removed:
  com.unity.cinemachine@2.10.3
  com.unity.inputsystem@1.14.0
  com.unity.render-pipelines.core@14.0.12
  com.unity.render-pipelines.universal@14.0.12

=== Mon May 19 20:56:33 2025

Packages were changed.
Update Mode: resetToDefaultDependencies

The following packages were removed:
  com.unity.cinemachine@2.10.3
  com.unity.inputsystem@1.14.0
  com.unity.render-pipelines.universal@14.0.12

=== Wed May 21 20:45:06 2025

Packages were changed.
Update Mode: updateDependencies

The following packages were updated:
  com.unity.inputsystem from version 1.7.0 to 1.14.0

=== Wed May 21 20:45:06 2025

Packages were changed.
Update Mode: mergeDefaultDependencies

The following packages were added:
  com.unity.textmeshpro@3.0.9

=== Wed May 21 20:47:46 2025

Packages were changed.
Update Mode: updateDependencies

The following packages were updated:
  com.unity.inputsystem from version 1.7.0 to 1.14.0
